Launched at 39 4 is not prime  
11 is prime  
18 is not prime  
25 is prime  
32 is not prime  
39 is prime  
46 is not prime  
53 is prime  
60 is not prime  
67 is prime  
12403: Current time: 39  
12403: Terminated at: 39  
Launched at 39 4 is not prime  
11 is prime  
18 is not prime  
25 is prime  
32 is not prime  
39 is prime  
46 is not prime  
53 is prime  
60 is not prime  
67 is prime  
12404: Current time: 39  
12404: Terminated at: 39  
Launched at 39 4 is not prime  
11 is prime  
18 is not prime  
25 is prime  
32 is not prime  
39 is prime  
46 is not prime  
53 is prime  
60 is not prime  
67 is prime  
12405: Current time: 39  
12405: Terminated at: 39  
Launched at 39 4 is not prime  
11 is prime  
18 is not prime  
25 is prime  
32 is not prime  
39 is prime  
46 is not prime  
53 is prime  
60 is not prime  
67 is prime  
12406: Current time: 39  
12406: Terminated at: 39  
Launched at 39 4 is not prime  
11 is prime  
18 is not prime  
25 is prime  
32 is not prime  
39 is prime  
46 is not prime  
53 is prime  
60 is not prime  
67 is prime  
12403: Current time: 39  
12403: Terminated at: 39  
Launched at 39 4 is not prime  
11 is prime  
18 is not prime  
25 is prime  
32 is not prime  
39 is prime  
46 is not prime  
53 is prime  
60 is not prime  
67 is prime  
12404: Current time: 39  
12404: Terminated at: 39  
Launched at 39 4 is not prime  
11 is prime  
18 is not prime  
25 is prime  
32 is not prime  
39 is prime  
46 is not prime  
53 is prime  
60 is not prime  
67 is prime  
12405: Current time: 39  
12405: Terminated at: 39  
12405: Terminated at: 39  
Launched at 39 4 is not prime  
11 is prime  
18 is not prime  
25 is prime  
32 is not prime  
39 is prime  
46 is not prime  
53 is prime  
60 is not prime  
67 is prime  
12403: Current time: 39  
12403: Terminated at: 39  
Launched at 39 4 is not prime  
11 is prime  
18 is not prime  
25 is prime  
32 is not prime  
39 is prime  
46 is not prime  
53 is prime  
60 is not prime  
67 is prime  
12404: Current time: 39  
12404: Terminated at: 39  
12404: Terminated at: 39  
Launched at 39 4 is not prime  
11 is prime  
18 is not prime  
25 is prime  
32 is not prime  
39 is prime  
46 is not prime  
53 is prime  
60 is not prime  
67 is prime  
12407: Current time: 39  
12407: Terminated at: 39  
Launched at 39 4 is not prime  
11 is prime  
18 is not prime  
25 is prime  
32 is not prime  
39 is prime  
46 is not prime  
53 is prime  
60 is not prime  
67 is prime  
12403: Current time: 39  
12403: Terminated at: 39  
Launched at 39 4 is not prime  
11 is prime  
18 is not prime  
25 is prime  
32 is not prime  
39 is prime  
46 is not prime  
53 is prime  
60 is not prime  
67 is prime  
12404: Current time: 39  
12404: Terminated at: 39  
12404: Terminated at: 39  
12404: Terminated at: 39  
Launched at 39 4 is not prime  
11 is prime  
18 is not prime  
25 is prime  
32 is not prime  
39 is prime  
46 is not prime  
53 is prime  
60 is not prime  
67 is prime  
12403: Current time: 39  
12403: Terminated at: 39  
12403: Terminated at: 39  
Launched at 39 4 is not prime  
11 is prime  
18 is not prime  
25 is prime  
32 is not prime  
39 is prime  
46 is not prime  
53 is prime  
60 is not prime  
67 is prime  
12408: Current time: 39  
12408: Terminated at: 39  
Launched at 39 4 is not prime  
11 is prime  
18 is not prime  
25 is prime  
32 is not prime  
39 is prime  
46 is not prime  
53 is prime  
60 is not prime  
67 is prime  
12409: Current time: 39  
12409: Terminated at: 39  
Launched at 39 4 is not prime  
11 is prime  
18 is not prime  
25 is prime  
32 is not prime  
39 is prime  
46 is not prime  
53 is prime  
60 is not prime  
67 is prime  
12403: Current time: 39  
12403: Terminated at: 39  
12403: Terminated at: 39  
Launched at 39 4 is not prime  
11 is prime  
18 is not prime  
25 is prime  
32 is not prime  
39 is prime  
46 is not prime  
53 is prime  
60 is not prime  
67 is prime  
12408: Current time: 39  
12408: Terminated at: 39  
12408: Terminated at: 39  
Launched at 39 4 is not prime  
11 is prime  
18 is not prime  
25 is prime  
32 is not prime  
39 is prime  
46 is not prime  
53 is prime  
60 is not prime  
67 is prime  
12403: Current time: 39  
12403: Terminated at: 39  
12403: Terminated at: 39  
12403: Terminated at: 39  
Launched at 39 4 is not prime  
11 is prime  
18 is not prime  
25 is prime  
32 is not prime  
39 is prime  
46 is not prime  
53 is prime  
60 is not prime  
67 is prime  
12410: Current time: 39  
12410: Terminated at: 39  
Launched at 39 4 is not prime  
11 is prime  
18 is not prime  
25 is prime  
32 is not prime  
39 is prime  
46 is not prime  
53 is prime  
60 is not prime  
67 is prime  
12403: Current time: 39  
12403: Terminated at: 39  
12403: Terminated at: 39  
12403: Terminated at: 39  
12403: Terminated at: 39  
12402: Terminated at: 39  
Launched at 39 4 is not prime  
11 is prime  
18 is not prime  
25 is prime  
32 is not prime  
39 is prime  
46 is not prime  
53 is prime  
60 is not prime  
67 is prime  
12411: Current time: 39  
12411: Terminated at: 39  
Launched at 39 4 is not prime  
11 is prime  
18 is not prime  
25 is prime  
32 is not prime  
39 is prime  
46 is not prime  
53 is prime  
60 is not prime  
67 is prime  
12412: Current time: 39  
12412: Terminated at: 39  
Launched at 39 4 is not prime  
11 is prime  
18 is not prime  
25 is prime  
32 is not prime  
39 is prime  
46 is not prime  
53 is prime  
60 is not prime  
67 is prime  
12413: Current time: 39  
12413: Terminated at: 39  
12402: Terminated at: 39  
Launched at 39 4 is not prime  
11 is prime  
18 is not prime  
25 is prime  
32 is not prime  
39 is prime  
46 is not prime  
53 is prime  
60 is not prime  
67 is prime  
12411: Current time: 39  
12411: Terminated at: 39  
Launched at 39 4 is not prime  
11 is prime  
18 is not prime  
25 is prime  
32 is not prime  
39 is prime  
46 is not prime  
53 is prime  
60 is not prime  
67 is prime  
12412: Current time: 39  
12412: Terminated at: 39  
12412: Terminated at: 39  
12402: Terminated at: 39  
Launched at 39 4 is not prime  
11 is prime  
18 is not prime  
25 is prime  
32 is not prime  
39 is prime  
46 is not prime  
53 is prime  
60 is not prime  
67 is prime  
12411: Current time: 39  
12411: Terminated at: 39  
12411: Terminated at: 39  
Launched at 39 4 is not prime  
11 is prime  
18 is not prime  
25 is prime  
32 is not prime  
39 is prime  
46 is not prime  
53 is prime  
60 is not prime  
67 is prime  
12414: Current time: 39  
12414: Terminated at: 39  
12402: Terminated at: 39  
Launched at 39 4 is not prime  
11 is prime  
18 is not prime  
25 is prime  
32 is not prime  
39 is prime  
46 is not prime  
53 is prime  
60 is not prime  
67 is prime  
12411: Current time: 39  
12411: Terminated at: 39  
12411: Terminated at: 39  
12411: Terminated at: 39  
12402: Terminated at: 39  
12402: Terminated at: 39  
Launched at 39 4 is not prime  
11 is prime  
18 is not prime  
25 is prime  
32 is not prime  
39 is prime  
46 is not prime  
53 is prime  
60 is not prime  
67 is prime  
12415: Current time: 39  
12415: Terminated at: 39  
Launched at 39 4 is not prime  
11 is prime  
18 is not prime  
25 is prime  
32 is not prime  
39 is prime  
46 is not prime  
53 is prime  
60 is not prime  
67 is prime  
12416: Current time: 39  
12416: Terminated at: 39  
12402: Terminated at: 39  
12402: Terminated at: 39  
Launched at 39 4 is not prime  
11 is prime  
18 is not prime  
25 is prime  
32 is not prime  
39 is prime  
46 is not prime  
53 is prime  
60 is not prime  
67 is prime  
12415: Current time: 39  
12415: Terminated at: 39  
12415: Terminated at: 39  
12402: Terminated at: 39  
12402: Terminated at: 39  
12402: Terminated at: 39  
Launched at 39 4 is not prime  
11 is prime  
18 is not prime  
25 is prime  
32 is not prime  
39 is prime  
46 is not prime  
53 is prime  
60 is not prime  
67 is prime  
12417: Current time: 39  
12417: Terminated at: 39  
12402: Terminated at: 39  
12402: Terminated at: 39  
12402: Terminated at: 39  
12402: Terminated at: 39  
